[31mWriting Statuses to DB[0m
writeStatuses - recording
Query: INSERT INTO rawTweets (tweet_id_str, author, author_id_str, status, geo_latt, geo_long, datetime_utc)  VALUES (?,?,?,?,?,?,?)
sleeping
sleeping
wrote tweet 935974797435179009 to DB
inserted rows: 1
sleeping
wrote tweet 935974814350581760 to DB
inserted rows: 1
sleeping
wrote tweet 935974825608269825 to DB
inserted rows: 1
wrote tweet 935974828812722176 to DB
inserted rows: 1
sleeping
wrote tweet 935974844683948033 to DB
inserted rows: 1
sleeping
wrote tweet 935974851503968257 to DB
inserted rows: 1
sleeping
wrote tweet 935974881908289536 to DB
inserted rows: 1
sleeping
sleeping
wrote tweet 935974913684525057 to DB
inserted rows: 1
sleeping
sleeping
sleeping
sleeping
wrote tweet 935974972744445952 to DB
inserted rows: 1
wrote tweet 935974977412706304 to DB
inserted rows: 1
wrote tweet 935974982500237312 to DB
inserted rows: 1
wrote tweet 935974985805520898 to DB
inserted rows: 1
sleeping
wrote tweet 935975001001312256 to DB
inserted rows: 1
wrote tweet 935975001810972672 to DB
inserted rows: 1
sleeping
wrote tweet 935975006265372672 to DB
inserted rows: 1
sleeping
wrote tweet 935975024883724288 to DB
inserted rows: 1
wrote tweet 935975036514693120 to DB
inserted rows: 1
sleeping
wrote tweet 935975047251894272 to DB
inserted rows: 1
sleeping
sleeping
sleeping
wrote tweet 935975088398090240 to DB
inserted rows: 1
wrote tweet 935975092168855553 to DB
inserted rows: 1
sleeping
wrote tweet 935975116684627968 to DB
inserted rows: 1
sleeping
wrote tweet 935975122736992256 to DB
inserted rows: 1
wrote tweet 935975135340789760 to DB
inserted rows: 1
sleeping
wrote tweet 935975147097423873 to DB
inserted rows: 1
wrote tweet 935975151384125440 to DB
inserted rows: 1
wrote tweet 935975154437558273 to DB
inserted rows: 1
sleeping
wrote tweet 935975160753958912 to DB
inserted rows: 1
wrote tweet 935975173370630146 to DB
inserted rows: 1
sleeping
wrote tweet 935975181046173701 to DB
inserted rows: 1
wrote tweet 935975186754621440 to DB
inserted rows: 1
sleeping
wrote tweet 935975196422524929 to DB
inserted rows: 1
wrote tweet 935975203200491522 to DB
inserted rows: 1
sleeping
wrote tweet 935975216810827776 to DB
inserted rows: 1
sleeping
wrote tweet 935975227082792960 to DB
inserted rows: 1
wrote tweet 935975240269737994 to DB
inserted rows: 1
sleeping
sleeping
sleeping
sleeping
wrote tweet 935975304480243712 to DB
inserted rows: 1
sleeping
wrote tweet 935975321874071553 to DB
inserted rows: 1
wrote tweet 935975321383432193 to DB
inserted rows: 1
sleeping
wrote tweet 935975332342939648 to DB
inserted rows: 1
wrote tweet 935975342703108096 to DB
inserted rows: 1
sleeping
wrote tweet 935975348574941184 to DB
inserted rows: 1
wrote tweet 935975352496807936 to DB
inserted rows: 1
sleeping
wrote tweet 935975366459559938 to DB
inserted rows: 1
sleeping
sleeping
wrote tweet 935975407840645120 to DB
inserted rows: 1
wrote tweet 935975408163590144 to DB
inserted rows: 1
wrote tweet 935975411715997696 to DB
inserted rows: 1
sleeping
wrote tweet 935975413909778434 to DB
inserted rows: 1
sleeping
wrote tweet 935975433111138305 to DB
inserted rows: 1
wrote tweet 935975439868162048 to DB
inserted rows: 1
sleeping
sleeping
wrote tweet 935975468188172289 to DB
inserted rows: 1
wrote tweet 935975472613265410 to DB
inserted rows: 1
sleeping
wrote tweet 935975492175331328 to DB
inserted rows: 1
sleeping
wrote tweet 935975502795259904 to DB
inserted rows: 1
sleeping
wrote tweet 935975516498042880 to DB
inserted rows: 1
sleeping
sleeping
sleeping
sleeping
wrote tweet 935975581392322561 to DB
inserted rows: 1
wrote tweet 935975582453633025 to DB
inserted rows: 1
wrote tweet 935975586002034688 to DB
inserted rows: 1
wrote tweet 935975589504258049 to DB
inserted rows: 1
wrote tweet 935975596991148032 to DB
inserted rows: 1
sleeping
wrote tweet 935975603118931969 to DB
inserted rows: 1
sleeping
wrote tweet 935975620147900416 to DB
inserted rows: 1
wrote tweet 935975620902899719 to DB
inserted rows: 1
wrote tweet 935975629823950848 to DB
inserted rows: 1
sleeping
wrote tweet 935975638992748544 to DB
inserted rows: 1
wrote tweet 935975645200257025 to DB
inserted rows: 1
sleeping
wrote tweet 935975664188092416 to DB
inserted rows: 1
sleeping
wrote tweet 935975665903587329 to DB
inserted rows: 1
wrote tweet 935975672656281600 to DB
inserted rows: 1
sleeping
wrote tweet 935975690800910339 to DB
inserted rows: 1
sleeping
wrote tweet 935975711860494336 to DB
inserted rows: 1
wrote tweet 935975713320112129 to DB
inserted rows: 1
sleeping
wrote tweet 935975725257039872 to DB
inserted rows: 1
sleeping
wrote tweet 935975740830609408 to DB
inserted rows: 1
sleeping
wrote tweet 935975757708324864 to DB
inserted rows: 1
wrote tweet 935975762598838273 to DB
inserted rows: 1
wrote tweet 935975766751371265 to DB
inserted rows: 1
sleeping
sleeping
wrote tweet 935975784648511488 to DB
inserted rows: 1
wrote tweet 935975785168588801 to DB
inserted rows: 1
sleeping
wrote tweet 935975801610293249 to DB
inserted rows: 1
wrote tweet 935975804298809344 to DB
inserted rows: 1
sleeping
wrote tweet 935975822451789825 to DB
inserted rows: 1
wrote tweet 935975823571636226 to DB
inserted rows: 1
wrote tweet 935975830907441152 to DB
inserted rows: 1
sleeping
wrote tweet 935975847860858880 to DB
inserted rows: 1
sleeping
wrote tweet 935975861488144389 to DB
inserted rows: 1
wrote tweet 935975862293483521 to DB
inserted rows: 1
wrote tweet 935975863241330690 to DB
inserted rows: 1
wrote tweet 935975863539167232 to DB
inserted rows: 1
sleeping
sleeping
wrote tweet 935975889824899072 to DB
inserted rows: 1
wrote tweet 935975895369682949 to DB
inserted rows: 1
wrote tweet 935975895738802188 to DB
inserted rows: 1
sleeping
wrote tweet 935975904731369473 to DB
inserted rows: 1
wrote tweet 935975907856183298 to DB
inserted rows: 1
wrote tweet 935975918312591361 to DB
inserted rows: 1
sleeping
wrote tweet 935975922670256128 to DB
inserted rows: 1
wrote tweet 935975927988801536 to DB
inserted rows: 1
wrote tweet 935975935538446336 to DB
inserted rows: 1
sleeping
wrote tweet 935975947387498497 to DB
inserted rows: 1
sleeping
wrote tweet 935975953922252800 to DB
inserted rows: 1
wrote tweet 935975957911007232 to DB
inserted rows: 1
wrote tweet 935975964391170053 to DB
inserted rows: 1
sleeping
wrote tweet 935975970812628999 to DB
inserted rows: 1
wrote tweet 935975973887139840 to DB
inserted rows: 1
wrote tweet 935975985383657473 to DB
inserted rows: 1
wrote tweet 935975985719201794 to DB
inserted rows: 1
sleeping
wrote tweet 935975995043205121 to DB
inserted rows: 1
sleeping
sleeping
wrote tweet 935976022016700417 to DB
inserted rows: 1
wrote tweet 935976026152222721 to DB
inserted rows: 1
wrote tweet 935976031269326851 to DB
inserted rows: 1
wrote tweet 935976035874619392 to DB
inserted rows: 1
sleeping
wrote tweet 935976040823906304 to DB
inserted rows: 1
wrote tweet 935976047450787840 to DB
inserted rows: 1
sleeping
sleeping
wrote tweet 935976076500783113 to DB
inserted rows: 1
wrote tweet 935976081349337088 to DB
inserted rows: 1
wrote tweet 935976085791031296 to DB
inserted rows: 1
sleeping
wrote tweet 935976092883709952 to DB
inserted rows: 1
wrote tweet 935976097379893248 to DB
inserted rows: 1
sleeping
wrote tweet 935976118481453056 to DB
inserted rows: 1
wrote tweet 935976119957893123 to DB
inserted rows: 1
sleeping
wrote tweet 935976128501764096 to DB
inserted rows: 1
wrote tweet 935976131848691712 to DB
inserted rows: 1
sleeping
wrote tweet 935976141650907136 to DB
inserted rows: 1
wrote tweet 935976148193955842 to DB
inserted rows: 1
wrote tweet 935976152983797762 to DB
inserted rows: 1
sleeping
wrote tweet 935976170603999232 to DB
inserted rows: 1
sleeping
wrote tweet 935976176069365760 to DB
inserted rows: 1
wrote tweet 935976175251238912 to DB
inserted rows: 1
sleeping
wrote tweet 935976199708430336 to DB
inserted rows: 1
wrote tweet 935976205492412416 to DB
inserted rows: 1
sleeping
wrote tweet 935976213155217408 to DB
inserted rows: 1
wrote tweet 935976219060797440 to DB
inserted rows: 1
sleeping
wrote tweet 935976229685129217 to DB
inserted rows: 1
wrote tweet 935976231442493446 to DB
inserted rows: 1
wrote tweet 935976238618939392 to DB
inserted rows: 1
sleeping
sleeping
sleeping
wrote tweet 935976288757657601 to DB
inserted rows: 1
sleeping
wrote tweet 935976302909071360 to DB
inserted rows: 1
sleeping
wrote tweet 935976314951135232 to DB
inserted rows: 1
sleeping
wrote tweet 935976328536510464 to DB
inserted rows: 1
sleeping
wrote tweet 935976345825193984 to DB
inserted rows: 1
sleeping
wrote tweet 935976357733044224 to DB
inserted rows: 1
wrote tweet 935976371783852033 to DB
inserted rows: 1
wrote tweet 935976374300565504 to DB
inserted rows: 1
sleeping
wrote tweet 935976380529029121 to DB
inserted rows: 1
wrote tweet 935976384232673281 to DB
inserted rows: 1
sleeping
wrote tweet 935976406198169600 to DB
inserted rows: 1
sleeping
wrote tweet 935976418034569217 to DB
inserted rows: 1
wrote tweet 935976423923372033 to DB
inserted rows: 1
sleeping
wrote tweet 935976427123552257 to DB
inserted rows: 1
wrote tweet 935976427492597760 to DB
inserted rows: 1
wrote tweet 935976431829610498 to DB
inserted rows: 1
sleeping
wrote tweet 935976445125513216 to DB
inserted rows: 1
wrote tweet 935976445918183424 to DB
inserted rows: 1
sleeping
wrote tweet 935976474380722176 to DB
inserted rows: 1
sleeping
wrote tweet 935976483918680067 to DB
inserted rows: 1
sleeping
wrote tweet 935976500737736704 to DB
inserted rows: 1
sleeping
wrote tweet 935976520388153344 to DB
inserted rows: 1
wrote tweet 935976525723156480 to DB
inserted rows: 1
wrote tweet 935976526033469440 to DB
inserted rows: 1
sleeping
writeStatuses - done writing tweets to DB
