[31mWriting Statuses to DB[0m
writeStatuses - recording
Query: INSERT INTO rawTweets (tweet_id_str, author, author_id_str, status, geo_latt, geo_long, datetime_utc)  VALUES (?,?,?,?,?,?,?)
sleeping
wrote tweet 943947746804994048 to DB
inserted rows: 1
sleeping
sleeping
wrote tweet 943947775963811840 to DB
inserted rows: 1
wrote tweet 943947785191096320 to DB
inserted rows: 1
sleeping
wrote tweet 943947789368561664 to DB
inserted rows: 1
wrote tweet 943947797153292288 to DB
inserted rows: 1
wrote tweet 943947801146179584 to DB
inserted rows: 1
sleeping
sleeping
wrote tweet 943947827234848768 to DB
inserted rows: 1
wrote tweet 943947827960463362 to DB
inserted rows: 1
wrote tweet 943947831894859781 to DB
inserted rows: 1
wrote tweet 943947838211481600 to DB
inserted rows: 1
sleeping
wrote tweet 943947853155663873 to DB
inserted rows: 1
wrote tweet 943947854325751808 to DB
inserted rows: 1
sleeping
wrote tweet 943947864149053442 to DB
inserted rows: 1
wrote tweet 943947870134190080 to DB
inserted rows: 1
sleeping
wrote tweet 943947877075652608 to DB
inserted rows: 1
